{
  "stats": {
    "suites": 13,
    "tests": 12,
    "passes": 12,
    "pending": 0,
    "failures": 0,
    "start": "2019-08-19T07:28:45.575Z",
    "end": "2019-08-19T07:28:51.832Z",
    "duration": 6257,
    "testsRegistered": 12,
    "passPercent": 100,
    "pendingPercent": 0,
    "other": 0,
    "hasOther": false,
    "skipped": 0,
    "hasSkipped": false
  },
  "results": [
    {
      "uuid": "194b446b-1460-4ebe-a1c4-8226b7ce816c",
      "title": "",
      "fullFile": "",
      "file": "",
      "beforeHooks": [],
      "afterHooks": [],
      "tests": [],
      "suites": [
        {
          "uuid": "a9cd7d54-d8d2-4b00-8332-92677adef223",
          "title": "userAuthentication",
          "fullFile": "/home/devue/guyi/navigation-server/test/test.js",
          "file": "/test/test.js",
          "beforeHooks": [],
          "afterHooks": [],
          "tests": [],
          "suites": [
            {
              "uuid": "2fbb0757-c0ed-4b2a-bc87-4eabb165cee1",
              "title": "UserRegister",
              "fullFile": "/home/devue/guyi/navigation-server/test/test.js",
              "file": "/test/test.js",
              "beforeHooks": [],
              "afterHooks": [],
              "tests": [],
              "suites": [
                {
                  "uuid": "f221d23f-8f17-4e23-ad56-fbb55e937ae1",
                  "title": "POST /register",
                  "fullFile": "/home/devue/guyi/navigation-server/test/test.js",
                  "file": "/test/test.js",
                  "beforeHooks": [],
                  "afterHooks": [],
                  "tests": [
                    {
                      "title": "register success",
                      "fullTitle": "userAuthentication UserRegister POST /register register success",
                      "timedOut": false,
                      "duration": 583,
                      "state": "passed",
                      "speed": "slow",
                      "pass": true,
                      "fail": false,
                      "pending": false,
                      "context": null,
                      "code": "request(url)\n  .post('/api/v1/auth/register')\n  .send(user)\n  .expect(200)\n  .end(function(err, res) {\n    res.body.should.containEql({\n      message: 'User registered successful'\n    });\n    if (err) throw err;\n    done();\n  });",
                      "err": {},
                      "uuid": "b10217e1-9493-43bc-a104-ee226fe0fa9b",
                      "parentUUID": "f221d23f-8f17-4e23-ad56-fbb55e937ae1",
                      "isHook": false,
                      "skipped": false
                    },
                    {
                      "title": "repeated registration failure.",
                      "fullTitle": "userAuthentication UserRegister POST /register repeated registration failure.",
                      "timedOut": false,
                      "duration": 7,
                      "state": "passed",
                      "speed": "fast",
                      "pass": true,
                      "fail": false,
                      "pending": false,
                      "context": null,
                      "code": "request(url)\n  .post('/api/v1/auth/register')\n  .send(user)\n  .expect(500)\n  .end(function(err, res) {\n    res.body.should.containEql({\n      err: 'REGISTER_FAILURE'\n    });\n    if (err) throw err;\n    done();\n  });",
                      "err": {},
                      "uuid": "75bde857-816c-4256-a9a9-53ec7ca8d4ce",
                      "parentUUID": "f221d23f-8f17-4e23-ad56-fbb55e937ae1",
                      "isHook": false,
                      "skipped": false
                    }
                  ],
                  "suites": [],
                  "passes": [
                    "b10217e1-9493-43bc-a104-ee226fe0fa9b",
                    "75bde857-816c-4256-a9a9-53ec7ca8d4ce"
                  ],
                  "failures": [],
                  "pending": [],
                  "skipped": [],
                  "duration": 590,
                  "root": false,
                  "rootEmpty": false,
                  "_timeout": 2000
                }
              ],
              "passes": [],
              "failures": [],
              "pending": [],
              "skipped": [],
              "duration": 0,
              "root": false,
              "rootEmpty": false,
              "_timeout": 2000
            },
            {
              "uuid": "fb13a9ac-2056-4e0b-a8e0-ddd43365f76c",
              "title": "UserLogin",
              "fullFile": "/home/devue/guyi/navigation-server/test/test.js",
              "file": "/test/test.js",
              "beforeHooks": [],
              "afterHooks": [],
              "tests": [],
              "suites": [
                {
                  "uuid": "ce232eff-091d-4d3c-93ec-c7332506384b",
                  "title": "POST /login",
                  "fullFile": "/home/devue/guyi/navigation-server/test/test.js",
                  "file": "/test/test.js",
                  "beforeHooks": [],
                  "afterHooks": [],
                  "tests": [
                    {
                      "title": "login success",
                      "fullTitle": "userAuthentication UserLogin POST /login login success",
                      "timedOut": false,
                      "duration": 580,
                      "state": "passed",
                      "speed": "slow",
                      "pass": true,
                      "fail": false,
                      "pending": false,
                      "context": null,
                      "code": "request(url)\n  .post('/api/v1/auth/login')\n  .send(user)\n  .expect(200)\n  .end(function(err, res) {\n    res.body.should.containEql({\n      message: 'Authentication Success'\n    });\n    if (err) throw err;\n    done();\n  });",
                      "err": {},
                      "uuid": "f2b57776-8fb7-4cd7-957d-8d237fe979b0",
                      "parentUUID": "ce232eff-091d-4d3c-93ec-c7332506384b",
                      "isHook": false,
                      "skipped": false
                    },
                    {
                      "title": "USER_NOT_EXIST.",
                      "fullTitle": "userAuthentication UserLogin POST /login USER_NOT_EXIST.",
                      "timedOut": false,
                      "duration": 2,
                      "state": "passed",
                      "speed": "fast",
                      "pass": true,
                      "fail": false,
                      "pending": false,
                      "context": null,
                      "code": "request(url)\n  .post('/api/v1/auth/login')\n  .send({\n    username: 'a',\n    password: 'admin'\n  })\n  .expect(200)\n  .end(function(err, res) {\n    res.body.should.containEql({\n      err: 'USER_NOT_EXIST'\n    });\n    if (err) throw err;\n    done();\n  });",
                      "err": {},
                      "uuid": "412427ac-3060-4820-82e9-b05dcd33f666",
                      "parentUUID": "ce232eff-091d-4d3c-93ec-c7332506384b",
                      "isHook": false,
                      "skipped": false
                    }
                  ],
                  "suites": [],
                  "passes": [
                    "f2b57776-8fb7-4cd7-957d-8d237fe979b0",
                    "412427ac-3060-4820-82e9-b05dcd33f666"
                  ],
                  "failures": [],
                  "pending": [],
                  "skipped": [],
                  "duration": 582,
                  "root": false,
                  "rootEmpty": false,
                  "_timeout": 2000
                }
              ],
              "passes": [],
              "failures": [],
              "pending": [],
              "skipped": [],
              "duration": 0,
              "root": false,
              "rootEmpty": false,
              "_timeout": 2000
            },
            {
              "uuid": "8cb6e0bc-30da-4690-9caa-8cbb3ffb9a68",
              "title": "UserAuthInfo",
              "fullFile": "/home/devue/guyi/navigation-server/test/test.js",
              "file": "/test/test.js",
              "beforeHooks": [],
              "afterHooks": [],
              "tests": [],
              "suites": [
                {
                  "uuid": "b8e1506f-98e5-4ba1-ba82-690078dfbf96",
                  "title": "GET /api/v1/auth/",
                  "fullFile": "/home/devue/guyi/navigation-server/test/test.js",
                  "file": "/test/test.js",
                  "beforeHooks": [
                    {
                      "title": "\"before each\" hook",
                      "fullTitle": "userAuthentication UserAuthInfo GET /api/v1/auth/ \"before each\" hook",
                      "timedOut": false,
                      "duration": 569,
                      "state": null,
                      "speed": null,
                      "pass": false,
                      "fail": false,
                      "pending": false,
                      "context": null,
                      "code": "request(url)\n  .post('/api/v1/auth/login')\n  .send(user)\n  .set('Accept', 'application/json')\n  .end(function(err, res) {\n    if (!err) {\n      userCookie = res.header['set-cookie'];\n      done();\n    }\n  });",
                      "err": {},
                      "uuid": "3b45f9b0-abef-4ee6-9321-d8d4401eb0a6",
                      "parentUUID": "b8e1506f-98e5-4ba1-ba82-690078dfbf96",
                      "isHook": true,
                      "skipped": false
                    }
                  ],
                  "afterHooks": [],
                  "tests": [
                    {
                      "title": "The current User was not login.",
                      "fullTitle": "userAuthentication UserAuthInfo GET /api/v1/auth/ The current User was not login.",
                      "timedOut": false,
                      "duration": 3,
                      "state": "passed",
                      "speed": "fast",
                      "pass": true,
                      "fail": false,
                      "pending": false,
                      "context": null,
                      "code": "request(url)\n  .get('/api/v1/auth/')\n  .set('Accept', 'application/json')\n  .expect('Content-Type', /json/)\n  .expect(401)\n  .end(function(err, res) {\n    res.body.should.containEql({\n      err: 'NOT_LOGIN'\n    });\n    if (err) throw err;\n    done();\n  });",
                      "err": {},
                      "uuid": "edfa0246-395e-481d-b6c2-0b94a12f1d63",
                      "parentUUID": "b8e1506f-98e5-4ba1-ba82-690078dfbf96",
                      "isHook": false,
                      "skipped": false
                    },
                    {
                      "title": "The username of the current user.",
                      "fullTitle": "userAuthentication UserAuthInfo GET /api/v1/auth/ The username of the current user.",
                      "timedOut": false,
                      "duration": 4,
                      "state": "passed",
                      "speed": "fast",
                      "pass": true,
                      "fail": false,
                      "pending": false,
                      "context": null,
                      "code": "request(url)\n  .get('/api/v1/auth/')\n  .set('Cookie', userCookie)\n  .expect(200)\n  .end(function(err, res) {\n    res.body.should.have.keys('username');\n    if (err) throw err;\n    done();\n  });",
                      "err": {},
                      "uuid": "3d3750c7-a33d-47c5-9026-576854dc876d",
                      "parentUUID": "b8e1506f-98e5-4ba1-ba82-690078dfbf96",
                      "isHook": false,
                      "skipped": false
                    }
                  ],
                  "suites": [],
                  "passes": [
                    "edfa0246-395e-481d-b6c2-0b94a12f1d63",
                    "3d3750c7-a33d-47c5-9026-576854dc876d"
                  ],
                  "failures": [],
                  "pending": [],
                  "skipped": [],
                  "duration": 7,
                  "root": false,
                  "rootEmpty": false,
                  "_timeout": 2000
                }
              ],
              "passes": [],
              "failures": [],
              "pending": [],
              "skipped": [],
              "duration": 0,
              "root": false,
              "rootEmpty": false,
              "_timeout": 2000
            },
            {
              "uuid": "6fd03ce6-6461-4f52-8c58-a7b704426075",
              "title": "UserLogout",
              "fullFile": "/home/devue/guyi/navigation-server/test/test.js",
              "file": "/test/test.js",
              "beforeHooks": [],
              "afterHooks": [],
              "tests": [],
              "suites": [
                {
                  "uuid": "05cba6ed-6a38-4fc8-b8e6-0ceeb18e9146",
                  "title": "GET /logout",
                  "fullFile": "/home/devue/guyi/navigation-server/test/test.js",
                  "file": "/test/test.js",
                  "beforeHooks": [
                    {
                      "title": "\"before each\" hook",
                      "fullTitle": "userAuthentication UserLogout GET /logout \"before each\" hook",
                      "timedOut": false,
                      "duration": 557,
                      "state": null,
                      "speed": null,
                      "pass": false,
                      "fail": false,
                      "pending": false,
                      "context": null,
                      "code": "request(url)\n  .post('/api/v1/auth/login')\n  .send(user)\n  .set('Accept', 'application/json')\n  .end(function(err, res) {\n    if (!err) {\n      userCookie = res.header['set-cookie'];\n      done();\n    }\n  });",
                      "err": {},
                      "uuid": "b3b34916-7f28-41e8-b5ff-9d873869f133",
                      "parentUUID": "05cba6ed-6a38-4fc8-b8e6-0ceeb18e9146",
                      "isHook": true,
                      "skipped": false
                    }
                  ],
                  "afterHooks": [],
                  "tests": [
                    {
                      "title": "NOT_LOGIN.",
                      "fullTitle": "userAuthentication UserLogout GET /logout NOT_LOGIN.",
                      "timedOut": false,
                      "duration": 2,
                      "state": "passed",
                      "speed": "fast",
                      "pass": true,
                      "fail": false,
                      "pending": false,
                      "context": null,
                      "code": "request(url)\n  .get('/api/v1/auth/logout')\n  .expect(401)\n  .end(function(err, res) {\n    res.body.should.containEql({\n      err: 'NOT_LOGIN'\n    });\n    if (err) throw err;\n    done();\n  });",
                      "err": {},
                      "uuid": "fe60c7e4-137b-4dd4-ac89-faa1f83495cd",
                      "parentUUID": "05cba6ed-6a38-4fc8-b8e6-0ceeb18e9146",
                      "isHook": false,
                      "skipped": false
                    },
                    {
                      "title": "logout successful.",
                      "fullTitle": "userAuthentication UserLogout GET /logout logout successful.",
                      "timedOut": false,
                      "duration": 3,
                      "state": "passed",
                      "speed": "fast",
                      "pass": true,
                      "fail": false,
                      "pending": false,
                      "context": null,
                      "code": "request(url)\n  .get('/api/v1/auth/logout')\n  .set('Cookie', userCookie)\n  .expect(200)\n  .end(function(err, res) {\n    res.body.should.containEql({\n      message: 'logout successful'\n    });\n    if (err) throw err;\n    done();\n  });",
                      "err": {},
                      "uuid": "bdfce536-db74-4173-9d7b-f5b969ecce64",
                      "parentUUID": "05cba6ed-6a38-4fc8-b8e6-0ceeb18e9146",
                      "isHook": false,
                      "skipped": false
                    }
                  ],
                  "suites": [],
                  "passes": [
                    "fe60c7e4-137b-4dd4-ac89-faa1f83495cd",
                    "bdfce536-db74-4173-9d7b-f5b969ecce64"
                  ],
                  "failures": [],
                  "pending": [],
                  "skipped": [],
                  "duration": 5,
                  "root": false,
                  "rootEmpty": false,
                  "_timeout": 2000
                }
              ],
              "passes": [],
              "failures": [],
              "pending": [],
              "skipped": [],
              "duration": 0,
              "root": false,
              "rootEmpty": false,
              "_timeout": 2000
            },
            {
              "uuid": "1bb4b073-6964-4763-ac9e-d93c758a0db2",
              "title": "UserChangePassword",
              "fullFile": "/home/devue/guyi/navigation-server/test/test.js",
              "file": "/test/test.js",
              "beforeHooks": [],
              "afterHooks": [],
              "tests": [],
              "suites": [
                {
                  "uuid": "b8059023-1558-4790-9513-b69ec3858076",
                  "title": "POST /changepassword",
                  "fullFile": "/home/devue/guyi/navigation-server/test/test.js",
                  "file": "/test/test.js",
                  "beforeHooks": [
                    {
                      "title": "\"before all\" hook",
                      "fullTitle": "userAuthentication UserChangePassword POST /changepassword \"before all\" hook",
                      "timedOut": false,
                      "duration": 280,
                      "state": null,
                      "speed": null,
                      "pass": false,
                      "fail": false,
                      "pending": false,
                      "context": null,
                      "code": "request(url)\n  .post('/api/v1/auth/register')\n  .send(user2)\n  .end(function(err, res) {\n    if (err) throw err;\n    done();\n  });",
                      "err": {},
                      "uuid": "b5d53ef4-4dbe-4f6e-8e57-3b27775dc04c",
                      "parentUUID": "b8059023-1558-4790-9513-b69ec3858076",
                      "isHook": true,
                      "skipped": false
                    },
                    {
                      "title": "\"before all\" hook",
                      "fullTitle": "userAuthentication UserChangePassword POST /changepassword \"before all\" hook",
                      "timedOut": false,
                      "duration": 557,
                      "state": null,
                      "speed": null,
                      "pass": false,
                      "fail": false,
                      "pending": false,
                      "context": null,
                      "code": "request(url)\n  .post('/api/v1/auth/login')\n  .send(user2)\n  .set('Accept', 'application/json')\n  .end(function(err, res) {\n    if (!err) {\n      userCookie = res.header['set-cookie'];\n      done();\n    }\n  });",
                      "err": {},
                      "uuid": "f0c885cc-46c1-4ec6-b94e-96d41fe8751e",
                      "parentUUID": "b8059023-1558-4790-9513-b69ec3858076",
                      "isHook": true,
                      "skipped": false
                    }
                  ],
                  "afterHooks": [],
                  "tests": [
                    {
                      "title": "change password successful",
                      "fullTitle": "userAuthentication UserChangePassword POST /changepassword change password successful",
                      "timedOut": false,
                      "duration": 557,
                      "state": "passed",
                      "speed": "slow",
                      "pass": true,
                      "fail": false,
                      "pending": false,
                      "context": null,
                      "code": "request(url)\n  .post('/api/v1/auth/changepassword')\n  .set('Cookie', userCookie)\n  .send(newUser2)\n  .expect(200)\n  .end(function(err, res) {\n    res.body.should.containEql({\n      message: 'change password successful'\n    });\n    if (err) throw err;\n    done();\n  });",
                      "err": {},
                      "uuid": "19d7b1c2-76c8-4375-aa3b-ae84b84b4613",
                      "parentUUID": "b8059023-1558-4790-9513-b69ec3858076",
                      "isHook": false,
                      "skipped": false
                    },
                    {
                      "title": "AUTHENTICATE_FAILURE",
                      "fullTitle": "userAuthentication UserChangePassword POST /changepassword AUTHENTICATE_FAILURE",
                      "timedOut": false,
                      "duration": 281,
                      "state": "passed",
                      "speed": "slow",
                      "pass": true,
                      "fail": false,
                      "pending": false,
                      "context": null,
                      "code": "request(url)\n  .post('/api/v1/auth/changepassword')\n  .set('Cookie', userCookie)\n  .send(newUser2)\n  .expect(401)\n  .end(function(err, res) {\n    res.body.should.containEql({\n      err: 'AUTHENTICATE_FAILURE'\n    });\n    if (err) throw err;\n    done();\n  });",
                      "err": {},
                      "uuid": "11050b3b-3978-4b0e-8ff0-cac1a695d36a",
                      "parentUUID": "b8059023-1558-4790-9513-b69ec3858076",
                      "isHook": false,
                      "skipped": false
                    }
                  ],
                  "suites": [],
                  "passes": [
                    "19d7b1c2-76c8-4375-aa3b-ae84b84b4613",
                    "11050b3b-3978-4b0e-8ff0-cac1a695d36a"
                  ],
                  "failures": [],
                  "pending": [],
                  "skipped": [],
                  "duration": 838,
                  "root": false,
                  "rootEmpty": false,
                  "_timeout": 2000
                }
              ],
              "passes": [],
              "failures": [],
              "pending": [],
              "skipped": [],
              "duration": 0,
              "root": false,
              "rootEmpty": false,
              "_timeout": 2000
            },
            {
              "uuid": "8dface29-495e-4a0b-8bcb-40ca2cc12242",
              "title": "UserDelete",
              "fullFile": "/home/devue/guyi/navigation-server/test/test.js",
              "file": "/test/test.js",
              "beforeHooks": [],
              "afterHooks": [],
              "tests": [],
              "suites": [
                {
                  "uuid": "738a97ae-8fa5-4708-8850-ed0019ba4df5",
                  "title": "DELETE /user/:username",
                  "fullFile": "/home/devue/guyi/navigation-server/test/test.js",
                  "file": "/test/test.js",
                  "beforeHooks": [
                    {
                      "title": "\"before each\" hook",
                      "fullTitle": "userAuthentication UserDelete DELETE /user/:username \"before each\" hook",
                      "timedOut": false,
                      "duration": 560,
                      "state": null,
                      "speed": null,
                      "pass": false,
                      "fail": false,
                      "pending": false,
                      "context": null,
                      "code": "request(url)\n  .post('/api/v1/auth/login')\n  .send(user)\n  .set('Accept', 'application/json')\n  .end(function(err, res) {\n    if (!err) {\n      userCookie = res.header['set-cookie'];\n      done();\n    }\n  });",
                      "err": {},
                      "uuid": "7eecf678-8d13-43a0-91c6-3c1e406d25e3",
                      "parentUUID": "738a97ae-8fa5-4708-8850-ed0019ba4df5",
                      "isHook": true,
                      "skipped": false
                    }
                  ],
                  "afterHooks": [],
                  "tests": [
                    {
                      "title": "NOT_LOGIN.",
                      "fullTitle": "userAuthentication UserDelete DELETE /user/:username NOT_LOGIN.",
                      "timedOut": false,
                      "duration": 2,
                      "state": "passed",
                      "speed": "fast",
                      "pass": true,
                      "fail": false,
                      "pending": false,
                      "context": null,
                      "code": "request(url)\n  .delete(`/api/v1/auth/user/${user.username}`)\n  .expect(401)\n  .end(function(err, res) {\n    res.body.should.containEql({\n      err: 'NOT_LOGIN'\n    });\n    if (err) throw err;\n    done();\n  });",
                      "err": {},
                      "uuid": "e0c1587b-64b3-4d11-88cc-e47b04ba325b",
                      "parentUUID": "738a97ae-8fa5-4708-8850-ed0019ba4df5",
                      "isHook": false,
                      "skipped": false
                    },
                    {
                      "title": "delete user success",
                      "fullTitle": "userAuthentication UserDelete DELETE /user/:username delete user success",
                      "timedOut": false,
                      "duration": 4,
                      "state": "passed",
                      "speed": "fast",
                      "pass": true,
                      "fail": false,
                      "pending": false,
                      "context": null,
                      "code": "request(url)\n  .delete(`/api/v1/auth/user/${user.username}`)\n  .set('Cookie', userCookie)\n  .expect(200)\n  .end(function(err, res) {\n    res.body.should.containEql({\n      message: 'Delete User Successful'\n    });\n    if (err) throw err;\n    done();\n  });",
                      "err": {},
                      "uuid": "b201a5d1-c097-453b-bf2b-54c44abb5426",
                      "parentUUID": "738a97ae-8fa5-4708-8850-ed0019ba4df5",
                      "isHook": false,
                      "skipped": false
                    }
                  ],
                  "suites": [],
                  "passes": [
                    "e0c1587b-64b3-4d11-88cc-e47b04ba325b",
                    "b201a5d1-c097-453b-bf2b-54c44abb5426"
                  ],
                  "failures": [],
                  "pending": [],
                  "skipped": [],
                  "duration": 6,
                  "root": false,
                  "rootEmpty": false,
                  "_timeout": 2000
                }
              ],
              "passes": [],
              "failures": [],
              "pending": [],
              "skipped": [],
              "duration": 0,
              "root": false,
              "rootEmpty": false,
              "_timeout": 2000
            }
          ],
          "passes": [],
          "failures": [],
          "pending": [],
          "skipped": [],
          "duration": 0,
          "root": false,
          "rootEmpty": false,
          "_timeout": 2000
        }
      ],
      "passes": [],
      "failures": [],
      "pending": [],
      "skipped": [],
      "duration": 0,
      "root": true,
      "rootEmpty": true,
      "_timeout": 2000
    }
  ],
  "meta": {
    "mocha": {
      "version": "6.1.4"
    },
    "mochawesome": {
      "options": {
        "quiet": false,
        "reportFilename": "mochawesome",
        "saveHtml": true,
        "saveJson": true,
        "useInlineDiffs": false
      },
      "version": "4.0.0"
    },
    "marge": {
      "options": null,
      "version": "4.0.0"
    }
  }
}