{
  "stats": {
    "suites": 13,
    "tests": 12,
    "passes": 12,
    "pending": 0,
    "failures": 0,
    "start": "2019-06-17T07:29:14.564Z",
    "end": "2019-06-17T07:29:20.172Z",
    "duration": 5608,
    "testsRegistered": 12,
    "passPercent": 100,
    "pendingPercent": 0,
    "other": 0,
    "hasOther": false,
    "skipped": 0,
    "hasSkipped": false
  },
  "results": [
    {
      "uuid": "7946ac10-5194-48c3-9009-54bb53d9c729",
      "title": "",
      "fullFile": "",
      "file": "",
      "beforeHooks": [],
      "afterHooks": [],
      "tests": [],
      "suites": [
        {
          "uuid": "afac5d99-9382-4b29-9d34-d505efe1c6d2",
          "title": "userAuthentication",
          "fullFile": "/home/devue/guyi/express-rest/test/test.js",
          "file": "/test/test.js",
          "beforeHooks": [],
          "afterHooks": [],
          "tests": [],
          "suites": [
            {
              "uuid": "cbaebc97-0c58-495d-98ce-fbe8c4db8e7c",
              "title": "UserRegister",
              "fullFile": "/home/devue/guyi/express-rest/test/test.js",
              "file": "/test/test.js",
              "beforeHooks": [],
              "afterHooks": [],
              "tests": [],
              "suites": [
                {
                  "uuid": "b643c23d-4ab9-4a48-bd0a-4564204844e8",
                  "title": "POST /register",
                  "fullFile": "/home/devue/guyi/express-rest/test/test.js",
                  "file": "/test/test.js",
                  "beforeHooks": [],
                  "afterHooks": [],
                  "tests": [
                    {
                      "title": "register success",
                      "fullTitle": "userAuthentication UserRegister POST /register register success",
                      "timedOut": false,
                      "duration": 293,
                      "state": "passed",
                      "speed": "slow",
                      "pass": true,
                      "fail": false,
                      "pending": false,
                      "context": null,
                      "code": "request(url)\n  .post('/api/v1/auth/register')\n  .send(user)\n  .expect(200)\n  .end(function(err, res) {\n    res.body.should.containEql({\n      message: 'User registered successful'\n    });\n    if (err) throw err;\n    done();\n  });",
                      "err": {},
                      "uuid": "de0ffb0f-5fe5-4282-b016-d5210fa30d4e",
                      "parentUUID": "b643c23d-4ab9-4a48-bd0a-4564204844e8",
                      "isHook": false,
                      "skipped": false
                    },
                    {
                      "title": "repeated registration failure.",
                      "fullTitle": "userAuthentication UserRegister POST /register repeated registration failure.",
                      "timedOut": false,
                      "duration": 4,
                      "state": "passed",
                      "speed": "fast",
                      "pass": true,
                      "fail": false,
                      "pending": false,
                      "context": null,
                      "code": "request(url)\n  .post('/api/v1/auth/register')\n  .send(user)\n  .expect(500)\n  .end(function(err, res) {\n    res.body.should.containEql({\n      err: 'REGISTER_FAILURE'\n    });\n    if (err) throw err;\n    done();\n  });",
                      "err": {},
                      "uuid": "4c07e4aa-de05-4e97-b7c5-70bf7e809fb4",
                      "parentUUID": "b643c23d-4ab9-4a48-bd0a-4564204844e8",
                      "isHook": false,
                      "skipped": false
                    }
                  ],
                  "suites": [],
                  "passes": [
                    "de0ffb0f-5fe5-4282-b016-d5210fa30d4e",
                    "4c07e4aa-de05-4e97-b7c5-70bf7e809fb4"
                  ],
                  "failures": [],
                  "pending": [],
                  "skipped": [],
                  "duration": 297,
                  "root": false,
                  "rootEmpty": false,
                  "_timeout": 2000
                }
              ],
              "passes": [],
              "failures": [],
              "pending": [],
              "skipped": [],
              "duration": 0,
              "root": false,
              "rootEmpty": false,
              "_timeout": 2000
            },
            {
              "uuid": "ff02c806-8646-4036-a0fa-7f87c6709a14",
              "title": "UserLogin",
              "fullFile": "/home/devue/guyi/express-rest/test/test.js",
              "file": "/test/test.js",
              "beforeHooks": [],
              "afterHooks": [],
              "tests": [],
              "suites": [
                {
                  "uuid": "c77a14a1-42ed-46f4-9b05-0267a3ca7401",
                  "title": "POST /login",
                  "fullFile": "/home/devue/guyi/express-rest/test/test.js",
                  "file": "/test/test.js",
                  "beforeHooks": [],
                  "afterHooks": [],
                  "tests": [
                    {
                      "title": "login success",
                      "fullTitle": "userAuthentication UserLogin POST /login login success",
                      "timedOut": false,
                      "duration": 558,
                      "state": "passed",
                      "speed": "slow",
                      "pass": true,
                      "fail": false,
                      "pending": false,
                      "context": null,
                      "code": "request(url)\n  .post('/api/v1/auth/login')\n  .send(user)\n  .expect(200)\n  .end(function(err, res) {\n    res.body.should.containEql({\n      message: 'Authentication Success'\n    });\n    if (err) throw err;\n    done();\n  });",
                      "err": {},
                      "uuid": "9cf3d6a1-ff3e-4746-afc6-5d6edd1c4c0e",
                      "parentUUID": "c77a14a1-42ed-46f4-9b05-0267a3ca7401",
                      "isHook": false,
                      "skipped": false
                    },
                    {
                      "title": "USER_NOT_EXIST.",
                      "fullTitle": "userAuthentication UserLogin POST /login USER_NOT_EXIST.",
                      "timedOut": false,
                      "duration": 1,
                      "state": "passed",
                      "speed": "fast",
                      "pass": true,
                      "fail": false,
                      "pending": false,
                      "context": null,
                      "code": "request(url)\n  .post('/api/v1/auth/login')\n  .send({\n    username: 'a',\n    password: 'admin'\n  })\n  .expect(200)\n  .end(function(err, res) {\n    res.body.should.containEql({\n      err: 'USER_NOT_EXIST'\n    });\n    if (err) throw err;\n    done();\n  });",
                      "err": {},
                      "uuid": "28507851-cee1-49dc-9d7b-6e56855ee2f0",
                      "parentUUID": "c77a14a1-42ed-46f4-9b05-0267a3ca7401",
                      "isHook": false,
                      "skipped": false
                    }
                  ],
                  "suites": [],
                  "passes": [
                    "9cf3d6a1-ff3e-4746-afc6-5d6edd1c4c0e",
                    "28507851-cee1-49dc-9d7b-6e56855ee2f0"
                  ],
                  "failures": [],
                  "pending": [],
                  "skipped": [],
                  "duration": 559,
                  "root": false,
                  "rootEmpty": false,
                  "_timeout": 2000
                }
              ],
              "passes": [],
              "failures": [],
              "pending": [],
              "skipped": [],
              "duration": 0,
              "root": false,
              "rootEmpty": false,
              "_timeout": 2000
            },
            {
              "uuid": "f90f7894-16f8-43c3-bc9a-32aada726f10",
              "title": "UserAuthInfo",
              "fullFile": "/home/devue/guyi/express-rest/test/test.js",
              "file": "/test/test.js",
              "beforeHooks": [],
              "afterHooks": [],
              "tests": [],
              "suites": [
                {
                  "uuid": "6312fcfd-8ceb-498d-9123-8c543600f3ec",
                  "title": "GET /api/v1/auth/",
                  "fullFile": "/home/devue/guyi/express-rest/test/test.js",
                  "file": "/test/test.js",
                  "beforeHooks": [
                    {
                      "title": "\"before each\" hook",
                      "fullTitle": "userAuthentication UserAuthInfo GET /api/v1/auth/ \"before each\" hook",
                      "timedOut": false,
                      "duration": 555,
                      "state": null,
                      "speed": null,
                      "pass": false,
                      "fail": false,
                      "pending": false,
                      "context": null,
                      "code": "request(url)\n  .post('/api/v1/auth/login')\n  .send(user)\n  .set('Accept', 'application/json')\n  .end(function(err, res) {\n    if (!err) {\n      userCookie = res.header['set-cookie'];\n      done();\n    }\n  });",
                      "err": {},
                      "uuid": "86f005b2-1e18-4e9b-9c7a-c4b9160c0035",
                      "parentUUID": "6312fcfd-8ceb-498d-9123-8c543600f3ec",
                      "isHook": true,
                      "skipped": false
                    }
                  ],
                  "afterHooks": [],
                  "tests": [
                    {
                      "title": "The current User was not login.",
                      "fullTitle": "userAuthentication UserAuthInfo GET /api/v1/auth/ The current User was not login.",
                      "timedOut": false,
                      "duration": 1,
                      "state": "passed",
                      "speed": "fast",
                      "pass": true,
                      "fail": false,
                      "pending": false,
                      "context": null,
                      "code": "request(url)\n  .get('/api/v1/auth/')\n  .set('Accept', 'application/json')\n  .expect('Content-Type', /json/)\n  .expect(401)\n  .end(function(err, res) {\n    res.body.should.containEql({\n      err: 'NOT_LOGIN'\n    });\n    if (err) throw err;\n    done();\n  });",
                      "err": {},
                      "uuid": "d24f0422-b4f6-4ec3-a8c0-d2be3c79dbc5",
                      "parentUUID": "6312fcfd-8ceb-498d-9123-8c543600f3ec",
                      "isHook": false,
                      "skipped": false
                    },
                    {
                      "title": "The username of the current user.",
                      "fullTitle": "userAuthentication UserAuthInfo GET /api/v1/auth/ The username of the current user.",
                      "timedOut": false,
                      "duration": 2,
                      "state": "passed",
                      "speed": "fast",
                      "pass": true,
                      "fail": false,
                      "pending": false,
                      "context": null,
                      "code": "request(url)\n  .get('/api/v1/auth/')\n  .set('Cookie', userCookie)\n  .expect(200)\n  .end(function(err, res) {\n    res.body.should.have.keys('username');\n    if (err) throw err;\n    done();\n  });",
                      "err": {},
                      "uuid": "196d1148-59cd-4082-8ad0-c74a301bae94",
                      "parentUUID": "6312fcfd-8ceb-498d-9123-8c543600f3ec",
                      "isHook": false,
                      "skipped": false
                    }
                  ],
                  "suites": [],
                  "passes": [
                    "d24f0422-b4f6-4ec3-a8c0-d2be3c79dbc5",
                    "196d1148-59cd-4082-8ad0-c74a301bae94"
                  ],
                  "failures": [],
                  "pending": [],
                  "skipped": [],
                  "duration": 3,
                  "root": false,
                  "rootEmpty": false,
                  "_timeout": 2000
                }
              ],
              "passes": [],
              "failures": [],
              "pending": [],
              "skipped": [],
              "duration": 0,
              "root": false,
              "rootEmpty": false,
              "_timeout": 2000
            },
            {
              "uuid": "78d07936-ce8d-4461-aecf-7813590dc8ab",
              "title": "UserLogout",
              "fullFile": "/home/devue/guyi/express-rest/test/test.js",
              "file": "/test/test.js",
              "beforeHooks": [],
              "afterHooks": [],
              "tests": [],
              "suites": [
                {
                  "uuid": "9c1c8dda-bf6f-4d31-9abb-4e10f4da45c1",
                  "title": "GET /logout",
                  "fullFile": "/home/devue/guyi/express-rest/test/test.js",
                  "file": "/test/test.js",
                  "beforeHooks": [
                    {
                      "title": "\"before each\" hook",
                      "fullTitle": "userAuthentication UserLogout GET /logout \"before each\" hook",
                      "timedOut": false,
                      "duration": 556,
                      "state": null,
                      "speed": null,
                      "pass": false,
                      "fail": false,
                      "pending": false,
                      "context": null,
                      "code": "request(url)\n  .post('/api/v1/auth/login')\n  .send(user)\n  .set('Accept', 'application/json')\n  .end(function(err, res) {\n    if (!err) {\n      userCookie = res.header['set-cookie'];\n      done();\n    }\n  });",
                      "err": {},
                      "uuid": "3cd5ad4c-9ac3-48c8-904d-d7f7736697ad",
                      "parentUUID": "9c1c8dda-bf6f-4d31-9abb-4e10f4da45c1",
                      "isHook": true,
                      "skipped": false
                    }
                  ],
                  "afterHooks": [],
                  "tests": [
                    {
                      "title": "NOT_LOGIN.",
                      "fullTitle": "userAuthentication UserLogout GET /logout NOT_LOGIN.",
                      "timedOut": false,
                      "duration": 1,
                      "state": "passed",
                      "speed": "fast",
                      "pass": true,
                      "fail": false,
                      "pending": false,
                      "context": null,
                      "code": "request(url)\n  .get('/api/v1/auth/logout')\n  .expect(401)\n  .end(function(err, res) {\n    res.body.should.containEql({\n      err: 'NOT_LOGIN'\n    });\n    if (err) throw err;\n    done();\n  });",
                      "err": {},
                      "uuid": "10b1325b-3fd7-4070-87dc-aaf91517f4fd",
                      "parentUUID": "9c1c8dda-bf6f-4d31-9abb-4e10f4da45c1",
                      "isHook": false,
                      "skipped": false
                    },
                    {
                      "title": "logout successful.",
                      "fullTitle": "userAuthentication UserLogout GET /logout logout successful.",
                      "timedOut": false,
                      "duration": 2,
                      "state": "passed",
                      "speed": "fast",
                      "pass": true,
                      "fail": false,
                      "pending": false,
                      "context": null,
                      "code": "request(url)\n  .get('/api/v1/auth/logout')\n  .set('Cookie', userCookie)\n  .expect(200)\n  .end(function(err, res) {\n    res.body.should.containEql({\n      message: 'logout successful'\n    });\n    if (err) throw err;\n    done();\n  });",
                      "err": {},
                      "uuid": "7713c710-d54e-48bf-a4f2-065a3c6b04d0",
                      "parentUUID": "9c1c8dda-bf6f-4d31-9abb-4e10f4da45c1",
                      "isHook": false,
                      "skipped": false
                    }
                  ],
                  "suites": [],
                  "passes": [
                    "10b1325b-3fd7-4070-87dc-aaf91517f4fd",
                    "7713c710-d54e-48bf-a4f2-065a3c6b04d0"
                  ],
                  "failures": [],
                  "pending": [],
                  "skipped": [],
                  "duration": 3,
                  "root": false,
                  "rootEmpty": false,
                  "_timeout": 2000
                }
              ],
              "passes": [],
              "failures": [],
              "pending": [],
              "skipped": [],
              "duration": 0,
              "root": false,
              "rootEmpty": false,
              "_timeout": 2000
            },
            {
              "uuid": "77527106-9e54-4851-900d-ab6dfa22057b",
              "title": "UserChangePassword",
              "fullFile": "/home/devue/guyi/express-rest/test/test.js",
              "file": "/test/test.js",
              "beforeHooks": [],
              "afterHooks": [],
              "tests": [],
              "suites": [
                {
                  "uuid": "3e6cc867-8425-4db7-a4b3-76be790df13b",
                  "title": "POST /changepassword",
                  "fullFile": "/home/devue/guyi/express-rest/test/test.js",
                  "file": "/test/test.js",
                  "beforeHooks": [
                    {
                      "title": "\"before all\" hook",
                      "fullTitle": "userAuthentication UserChangePassword POST /changepassword \"before all\" hook",
                      "timedOut": false,
                      "duration": 1,
                      "state": null,
                      "speed": null,
                      "pass": false,
                      "fail": false,
                      "pending": false,
                      "context": null,
                      "code": "request(url)\n  .post('/api/v1/auth/register')\n  .send(user2)\n  .end(function(err, res) {\n    if (err) throw err;\n    done();\n  });",
                      "err": {},
                      "uuid": "1d3cd0f4-ea15-4aa7-b8c2-2d7792f2f64f",
                      "parentUUID": "3e6cc867-8425-4db7-a4b3-76be790df13b",
                      "isHook": true,
                      "skipped": false
                    },
                    {
                      "title": "\"before all\" hook",
                      "fullTitle": "userAuthentication UserChangePassword POST /changepassword \"before all\" hook",
                      "timedOut": false,
                      "duration": 556,
                      "state": null,
                      "speed": null,
                      "pass": false,
                      "fail": false,
                      "pending": false,
                      "context": null,
                      "code": "request(url)\n  .post('/api/v1/auth/login')\n  .send(user2)\n  .set('Accept', 'application/json')\n  .end(function(err, res) {\n    if (!err) {\n      userCookie = res.header['set-cookie'];\n      done();\n    }\n  });",
                      "err": {},
                      "uuid": "e1b5a5fb-c810-4dae-9ef0-b67421dc6f7e",
                      "parentUUID": "3e6cc867-8425-4db7-a4b3-76be790df13b",
                      "isHook": true,
                      "skipped": false
                    }
                  ],
                  "afterHooks": [],
                  "tests": [
                    {
                      "title": "change password successful",
                      "fullTitle": "userAuthentication UserChangePassword POST /changepassword change password successful",
                      "timedOut": false,
                      "duration": 555,
                      "state": "passed",
                      "speed": "slow",
                      "pass": true,
                      "fail": false,
                      "pending": false,
                      "context": null,
                      "code": "request(url)\n  .post('/api/v1/auth/changepassword')\n  .set('Cookie', userCookie)\n  .send(newUser2)\n  .expect(200)\n  .end(function(err, res) {\n    res.body.should.containEql({\n      message: 'change password successful'\n    });\n    if (err) throw err;\n    done();\n  });",
                      "err": {},
                      "uuid": "02fb0397-de48-45c2-9350-9026a2d118eb",
                      "parentUUID": "3e6cc867-8425-4db7-a4b3-76be790df13b",
                      "isHook": false,
                      "skipped": false
                    },
                    {
                      "title": "AUTHENTICATE_FAILURE",
                      "fullTitle": "userAuthentication UserChangePassword POST /changepassword AUTHENTICATE_FAILURE",
                      "timedOut": false,
                      "duration": 280,
                      "state": "passed",
                      "speed": "slow",
                      "pass": true,
                      "fail": false,
                      "pending": false,
                      "context": null,
                      "code": "request(url)\n  .post('/api/v1/auth/changepassword')\n  .set('Cookie', userCookie)\n  .send(newUser2)\n  .expect(401)\n  .end(function(err, res) {\n    res.body.should.containEql({\n      err: 'AUTHENTICATE_FAILURE'\n    });\n    if (err) throw err;\n    done();\n  });",
                      "err": {},
                      "uuid": "ff92c94f-8c44-4040-b45f-c9aa6e657a71",
                      "parentUUID": "3e6cc867-8425-4db7-a4b3-76be790df13b",
                      "isHook": false,
                      "skipped": false
                    }
                  ],
                  "suites": [],
                  "passes": [
                    "02fb0397-de48-45c2-9350-9026a2d118eb",
                    "ff92c94f-8c44-4040-b45f-c9aa6e657a71"
                  ],
                  "failures": [],
                  "pending": [],
                  "skipped": [],
                  "duration": 835,
                  "root": false,
                  "rootEmpty": false,
                  "_timeout": 2000
                }
              ],
              "passes": [],
              "failures": [],
              "pending": [],
              "skipped": [],
              "duration": 0,
              "root": false,
              "rootEmpty": false,
              "_timeout": 2000
            },
            {
              "uuid": "7cfdaf0b-194d-4092-ac18-33d07383f3c8",
              "title": "UserDelete",
              "fullFile": "/home/devue/guyi/express-rest/test/test.js",
              "file": "/test/test.js",
              "beforeHooks": [],
              "afterHooks": [],
              "tests": [],
              "suites": [
                {
                  "uuid": "fa5bf2d9-9cf9-4458-b6ad-b201ca712767",
                  "title": "DELETE /user/:username",
                  "fullFile": "/home/devue/guyi/express-rest/test/test.js",
                  "file": "/test/test.js",
                  "beforeHooks": [
                    {
                      "title": "\"before each\" hook",
                      "fullTitle": "userAuthentication UserDelete DELETE /user/:username \"before each\" hook",
                      "timedOut": false,
                      "duration": 557,
                      "state": null,
                      "speed": null,
                      "pass": false,
                      "fail": false,
                      "pending": false,
                      "context": null,
                      "code": "request(url)\n  .post('/api/v1/auth/login')\n  .send(user)\n  .set('Accept', 'application/json')\n  .end(function(err, res) {\n    if (!err) {\n      userCookie = res.header['set-cookie'];\n      done();\n    }\n  });",
                      "err": {},
                      "uuid": "15d845e9-1633-4525-9334-fb3066fecb3c",
                      "parentUUID": "fa5bf2d9-9cf9-4458-b6ad-b201ca712767",
                      "isHook": true,
                      "skipped": false
                    }
                  ],
                  "afterHooks": [],
                  "tests": [
                    {
                      "title": "NOT_LOGIN.",
                      "fullTitle": "userAuthentication UserDelete DELETE /user/:username NOT_LOGIN.",
                      "timedOut": false,
                      "duration": 1,
                      "state": "passed",
                      "speed": "fast",
                      "pass": true,
                      "fail": false,
                      "pending": false,
                      "context": null,
                      "code": "request(url)\n  .delete(`/api/v1/auth/user/${user.username}`)\n  .expect(401)\n  .end(function(err, res) {\n    res.body.should.containEql({\n      err: 'NOT_LOGIN'\n    });\n    if (err) throw err;\n    done();\n  });",
                      "err": {},
                      "uuid": "f9791c4b-b7dd-4d72-8f17-80476508633e",
                      "parentUUID": "fa5bf2d9-9cf9-4458-b6ad-b201ca712767",
                      "isHook": false,
                      "skipped": false
                    },
                    {
                      "title": "delete user success",
                      "fullTitle": "userAuthentication UserDelete DELETE /user/:username delete user success",
                      "timedOut": false,
                      "duration": 2,
                      "state": "passed",
                      "speed": "fast",
                      "pass": true,
                      "fail": false,
                      "pending": false,
                      "context": null,
                      "code": "request(url)\n  .delete(`/api/v1/auth/user/${user.username}`)\n  .set('Cookie', userCookie)\n  .expect(200)\n  .end(function(err, res) {\n    res.body.should.containEql({\n      message: 'Delete User Successful'\n    });\n    if (err) throw err;\n    done();\n  });",
                      "err": {},
                      "uuid": "1eb05789-fea9-405e-8612-1d5919a52183",
                      "parentUUID": "fa5bf2d9-9cf9-4458-b6ad-b201ca712767",
                      "isHook": false,
                      "skipped": false
                    }
                  ],
                  "suites": [],
                  "passes": [
                    "f9791c4b-b7dd-4d72-8f17-80476508633e",
                    "1eb05789-fea9-405e-8612-1d5919a52183"
                  ],
                  "failures": [],
                  "pending": [],
                  "skipped": [],
                  "duration": 3,
                  "root": false,
                  "rootEmpty": false,
                  "_timeout": 2000
                }
              ],
              "passes": [],
              "failures": [],
              "pending": [],
              "skipped": [],
              "duration": 0,
              "root": false,
              "rootEmpty": false,
              "_timeout": 2000
            }
          ],
          "passes": [],
          "failures": [],
          "pending": [],
          "skipped": [],
          "duration": 0,
          "root": false,
          "rootEmpty": false,
          "_timeout": 2000
        }
      ],
      "passes": [],
      "failures": [],
      "pending": [],
      "skipped": [],
      "duration": 0,
      "root": true,
      "rootEmpty": true,
      "_timeout": 2000
    }
  ],
  "meta": {
    "mocha": {
      "version": "6.1.4"
    },
    "mochawesome": {
      "options": {
        "quiet": false,
        "reportFilename": "mochawesome",
        "saveHtml": true,
        "saveJson": true,
        "useInlineDiffs": false
      },
      "version": "4.0.0"
    },
    "marge": {
      "options": null,
      "version": "4.0.0"
    }
  }
}