{"/home/devue/guyi/express-rest/services/express.js":{"path":"/home/devue/guyi/express-rest/services/express.js","s":{"1":1,"2":1,"3":1,"4":1,"5":1,"6":1,"7":1,"8":1,"9":1,"10":1,"11":0,"12":0,"13":0,"14":0,"15":0,"16":0,"17":0,"18":0,"19":0,"20":0,"21":0,"22":0,"23":0,"24":0,"25":0},"b":{},"f":{"1":0},"fnMap":{"1":{"name":"(anonymous_1)","line":15,"loc":{"start":{"line":15,"column":16},"end":{"line":15,"column":27}}}},"statementMap":{"1":{"start":{"line":3,"column":0},"end":{"line":3,"column":35}},"2":{"start":{"line":4,"column":0},"end":{"line":4,"column":43}},"3":{"start":{"line":5,"column":0},"end":{"line":5,"column":42}},"4":{"start":{"line":7,"column":0},"end":{"line":7,"column":37}},"5":{"start":{"line":8,"column":0},"end":{"line":8,"column":57}},"6":{"start":{"line":10,"column":0},"end":{"line":10,"column":38}},"7":{"start":{"line":11,"column":0},"end":{"line":11,"column":33}},"8":{"start":{"line":12,"column":0},"end":{"line":12,"column":56}},"9":{"start":{"line":13,"column":0},"end":{"line":13,"column":22}},"10":{"start":{"line":15,"column":0},"end":{"line":52,"column":2}},"11":{"start":{"line":16,"column":2},"end":{"line":16,"column":18}},"12":{"start":{"line":19,"column":2},"end":{"line":26,"column":4}},"13":{"start":{"line":28,"column":2},"end":{"line":28,"column":29}},"14":{"start":{"line":30,"column":2},"end":{"line":32,"column":6}},"15":{"start":{"line":33,"column":2},"end":{"line":33,"column":25}},"16":{"start":{"line":36,"column":2},"end":{"line":36,"column":44}},"17":{"start":{"line":37,"column":2},"end":{"line":37,"column":33}},"18":{"start":{"line":38,"column":2},"end":{"line":38,"column":30}},"19":{"start":{"line":39,"column":2},"end":{"line":39,"column":55}},"20":{"start":{"line":40,"column":2},"end":{"line":40,"column":47}},"21":{"start":{"line":41,"column":2},"end":{"line":41,"column":51}},"22":{"start":{"line":43,"column":2},"end":{"line":43,"column":68}},"23":{"start":{"line":46,"column":2},"end":{"line":46,"column":42}},"24":{"start":{"line":48,"column":2},"end":{"line":51,"column":5}},"25":{"start":{"line":50,"column":4},"end":{"line":50,"column":66}}},"branchMap":{}},"/home/devue/guyi/express-rest/config.js":{"path":"/home/devue/guyi/express-rest/config.js","s":{"1":1,"2":1,"3":3,"4":3,"5":3,"6":0,"7":0,"8":0,"9":3,"10":3},"b":{"1":[3,0],"2":[3,3],"3":[0,0],"4":[0,0,0,0]},"f":{"1":3},"fnMap":{"1":{"name":"(anonymous_1)","line":29,"loc":{"start":{"line":29,"column":17},"end":{"line":29,"column":32}}}},"statementMap":{"1":{"start":{"line":3,"column":0},"end":{"line":26,"column":2}},"2":{"start":{"line":29,"column":0},"end":{"line":41,"column":2}},"3":{"start":{"line":30,"column":2},"end":{"line":30,"column":10}},"4":{"start":{"line":31,"column":2},"end":{"line":38,"column":3}},"5":{"start":{"line":32,"column":4},"end":{"line":32,"column":48}},"6":{"start":{"line":33,"column":9},"end":{"line":38,"column":3}},"7":{"start":{"line":34,"column":4},"end":{"line":34,"column":15}},"8":{"start":{"line":36,"column":4},"end":{"line":37,"column":27}},"9":{"start":{"line":39,"column":2},"end":{"line":39,"column":30}},"10":{"start":{"line":40,"column":2},"end":{"line":40,"column":19}}},"branchMap":{"1":{"line":31,"type":"if","locations":[{"start":{"line":31,"column":2},"end":{"line":31,"column":2}},{"start":{"line":31,"column":2},"end":{"line":31,"column":2}}]},"2":{"line":32,"type":"binary-expr","locations":[{"start":{"line":32,"column":10},"end":{"line":32,"column":30}},{"start":{"line":32,"column":34},"end":{"line":32,"column":47}}]},"3":{"line":33,"type":"if","locations":[{"start":{"line":33,"column":9},"end":{"line":33,"column":9}},{"start":{"line":33,"column":9},"end":{"line":33,"column":9}}]},"4":{"line":33,"type":"binary-expr","locations":[{"start":{"line":33,"column":13},"end":{"line":33,"column":17}},{"start":{"line":33,"column":22},"end":{"line":33,"column":44}},{"start":{"line":33,"column":48},"end":{"line":33,"column":55}},{"start":{"line":33,"column":59},"end":{"line":33,"column":71}}]}}},"/home/devue/guyi/express-rest/services/mongo.js":{"path":"/home/devue/guyi/express-rest/services/mongo.js","s":{"1":1,"2":1,"3":1,"4":1,"5":1,"6":1,"7":1,"8":0,"9":0,"10":1,"11":0,"12":1,"13":0,"14":0,"15":0,"16":0,"17":0,"18":0,"19":0,"20":1,"21":0,"22":0,"23":0,"24":1},"b":{"1":[0,0]},"f":{"1":0,"2":0,"3":0,"4":0},"fnMap":{"1":{"name":"connect","line":12,"loc":{"start":{"line":12,"column":0},"end":{"line":12,"column":19}}},"2":{"name":"(anonymous_2)","line":23,"loc":{"start":{"line":23,"column":32},"end":{"line":23,"column":46}}},"3":{"name":"(anonymous_3)","line":28,"loc":{"start":{"line":28,"column":39},"end":{"line":28,"column":50}}},"4":{"name":"(anonymous_4)","line":39,"loc":{"start":{"line":39,"column":36},"end":{"line":39,"column":47}}}},"statementMap":{"1":{"start":{"line":3,"column":0},"end":{"line":3,"column":37}},"2":{"start":{"line":4,"column":0},"end":{"line":4,"column":54}},"3":{"start":{"line":5,"column":0},"end":{"line":5,"column":38}},"4":{"start":{"line":7,"column":0},"end":{"line":7,"column":23}},"5":{"start":{"line":8,"column":0},"end":{"line":8,"column":28}},"6":{"start":{"line":9,"column":0},"end":{"line":9,"column":33}},"7":{"start":{"line":12,"column":0},"end":{"line":20,"column":1}},"8":{"start":{"line":13,"column":2},"end":{"line":18,"column":4}},"9":{"start":{"line":19,"column":2},"end":{"line":19,"column":45}},"10":{"start":{"line":23,"column":0},"end":{"line":25,"column":3}},"11":{"start":{"line":24,"column":2},"end":{"line":24,"column":17}},"12":{"start":{"line":28,"column":0},"end":{"line":37,"column":3}},"13":{"start":{"line":29,"column":2},"end":{"line":29,"column":19}},"14":{"start":{"line":30,"column":2},"end":{"line":30,"column":44}},"15":{"start":{"line":31,"column":2},"end":{"line":31,"column":89}},"16":{"start":{"line":31,"column":48},"end":{"line":31,"column":89}},"17":{"start":{"line":32,"column":2},"end":{"line":33,"column":53}},"18":{"start":{"line":34,"column":2},"end":{"line":36,"column":31}},"19":{"start":{"line":35,"column":4},"end":{"line":35,"column":14}},"20":{"start":{"line":39,"column":0},"end":{"line":43,"column":3}},"21":{"start":{"line":40,"column":2},"end":{"line":40,"column":21}},"22":{"start":{"line":41,"column":2},"end":{"line":41,"column":26}},"23":{"start":{"line":42,"column":2},"end":{"line":42,"column":44}},"24":{"start":{"line":45,"column":0},"end":{"line":45,"column":26}}},"branchMap":{"1":{"line":31,"type":"if","locations":[{"start":{"line":31,"column":2},"end":{"line":31,"column":2}},{"start":{"line":31,"column":2},"end":{"line":31,"column":2}}]}}},"/home/devue/guyi/express-rest/services/logger.js":{"path":"/home/devue/guyi/express-rest/services/logger.js","s":{"1":1,"2":1,"3":1,"4":1,"5":1,"6":1,"7":1,"8":1,"9":1,"10":1,"11":1,"12":1,"13":1,"14":1,"15":1,"16":1,"17":1,"18":1,"19":1,"20":1,"21":0,"22":0,"23":0,"24":1,"25":2,"26":0,"27":2},"b":{"1":[1,0],"2":[1,0],"3":[1,0],"4":[0,0]},"f":{"1":2},"fnMap":{"1":{"name":"(anonymous_1)","line":48,"loc":{"start":{"line":48,"column":23},"end":{"line":48,"column":40}}}},"statementMap":{"1":{"start":{"line":11,"column":0},"end":{"line":11,"column":64}},"2":{"start":{"line":12,"column":0},"end":{"line":12,"column":37}},"3":{"start":{"line":13,"column":0},"end":{"line":13,"column":38}},"4":{"start":{"line":14,"column":0},"end":{"line":14,"column":48}},"5":{"start":{"line":15,"column":0},"end":{"line":15,"column":53}},"6":{"start":{"line":17,"column":0},"end":{"line":17,"column":32}},"7":{"start":{"line":18,"column":0},"end":{"line":18,"column":28}},"8":{"start":{"line":18,"column":11},"end":{"line":18,"column":28}},"9":{"start":{"line":20,"column":0},"end":{"line":20,"column":29}},"10":{"start":{"line":23,"column":0},"end":{"line":23,"column":44}},"11":{"start":{"line":23,"column":14},"end":{"line":23,"column":44}},"12":{"start":{"line":24,"column":0},"end":{"line":24,"column":38}},"13":{"start":{"line":26,"column":0},"end":{"line":26,"column":17}},"14":{"start":{"line":27,"column":0},"end":{"line":27,"column":64}},"15":{"start":{"line":28,"column":0},"end":{"line":28,"column":85}},"16":{"start":{"line":30,"column":0},"end":{"line":36,"column":3}},"17":{"start":{"line":38,"column":0},"end":{"line":46,"column":1}},"18":{"start":{"line":39,"column":2},"end":{"line":39,"column":27}},"19":{"start":{"line":40,"column":2},"end":{"line":40,"column":28}},"20":{"start":{"line":41,"column":2},"end":{"line":41,"column":24}},"21":{"start":{"line":42,"column":7},"end":{"line":46,"column":1}},"22":{"start":{"line":43,"column":2},"end":{"line":43,"column":35}},"23":{"start":{"line":45,"column":2},"end":{"line":45,"column":24}},"24":{"start":{"line":48,"column":0},"end":{"line":60,"column":2}},"25":{"start":{"line":49,"column":2},"end":{"line":55,"column":4}},"26":{"start":{"line":53,"column":6},"end":{"line":53,"column":75}},"27":{"start":{"line":56,"column":2},"end":{"line":59,"column":5}}},"branchMap":{"1":{"line":18,"type":"if","locations":[{"start":{"line":18,"column":0},"end":{"line":18,"column":0}},{"start":{"line":18,"column":0},"end":{"line":18,"column":0}}]},"2":{"line":23,"type":"if","locations":[{"start":{"line":23,"column":0},"end":{"line":23,"column":0}},{"start":{"line":23,"column":0},"end":{"line":23,"column":0}}]},"3":{"line":38,"type":"if","locations":[{"start":{"line":38,"column":0},"end":{"line":38,"column":0}},{"start":{"line":38,"column":0},"end":{"line":38,"column":0}}]},"4":{"line":42,"type":"if","locations":[{"start":{"line":42,"column":7},"end":{"line":42,"column":7}},{"start":{"line":42,"column":7},"end":{"line":42,"column":7}}]}}},"/home/devue/guyi/express-rest/constant/system.js":{"path":"/home/devue/guyi/express-rest/constant/system.js","s":{"1":1,"2":1},"b":{},"f":{},"fnMap":{},"statementMap":{"1":{"start":{"line":3,"column":0},"end":{"line":7,"column":2}},"2":{"start":{"line":9,"column":0},"end":{"line":11,"column":2}}},"branchMap":{}}}