TN:
SF:/home/devue/guyi/express-rest/services/express.js
FN:15,(anonymous_1)
FNF:1
FNH:0
FNDA:0,(anonymous_1)
DA:3,1
DA:4,1
DA:5,1
DA:7,1
DA:8,1
DA:10,1
DA:11,1
DA:12,1
DA:13,1
DA:15,1
DA:16,0
DA:19,0
DA:28,0
DA:30,0
DA:33,0
DA:36,0
DA:37,0
DA:38,0
DA:39,0
DA:40,0
DA:41,0
DA:43,0
DA:46,0
DA:48,0
DA:50,0
LF:25
LH:10
BRF:0
BRH:0
end_of_record
TN:
SF:/home/devue/guyi/express-rest/config.js
FN:29,(anonymous_1)
FNF:1
FNH:1
FNDA:3,(anonymous_1)
DA:3,1
DA:29,1
DA:30,3
DA:31,3
DA:32,3
DA:33,0
DA:34,0
DA:36,0
DA:39,3
DA:40,3
LF:10
LH:7
BRDA:31,1,0,3
BRDA:31,1,1,0
BRDA:32,2,0,3
BRDA:32,2,1,3
BRDA:33,3,0,0
BRDA:33,3,1,0
BRDA:33,4,0,0
BRDA:33,4,1,0
BRDA:33,4,2,0
BRDA:33,4,3,0
BRF:10
BRH:3
end_of_record
TN:
SF:/home/devue/guyi/express-rest/services/mongo.js
FN:12,connect
FN:23,(anonymous_2)
FN:28,(anonymous_3)
FN:39,(anonymous_4)
FNF:4
FNH:0
FNDA:0,connect
FNDA:0,(anonymous_2)
FNDA:0,(anonymous_3)
FNDA:0,(anonymous_4)
DA:3,1
DA:4,1
DA:5,1
DA:7,1
DA:8,1
DA:9,1
DA:12,1
DA:13,0
DA:19,0
DA:23,1
DA:24,0
DA:28,1
DA:29,0
DA:30,0
DA:31,0
DA:32,0
DA:34,0
DA:35,0
DA:39,1
DA:40,0
DA:41,0
DA:42,0
DA:45,1
LF:23
LH:11
BRDA:31,1,0,0
BRDA:31,1,1,0
BRF:2
BRH:0
end_of_record
TN:
SF:/home/devue/guyi/express-rest/services/logger.js
FN:48,(anonymous_1)
FNF:1
FNH:1
FNDA:2,(anonymous_1)
DA:11,1
DA:12,1
DA:13,1
DA:14,1
DA:15,1
DA:17,1
DA:18,1
DA:20,1
DA:23,1
DA:24,1
DA:26,1
DA:27,1
DA:28,1
DA:30,1
DA:38,1
DA:39,1
DA:40,1
DA:41,1
DA:42,0
DA:43,0
DA:45,0
DA:48,1
DA:49,2
DA:53,0
DA:56,2
LF:25
LH:21
BRDA:18,1,0,1
BRDA:18,1,1,0
BRDA:23,2,0,1
BRDA:23,2,1,0
BRDA:38,3,0,1
BRDA:38,3,1,0
BRDA:42,4,0,0
BRDA:42,4,1,0
BRF:8
BRH:3
end_of_record
TN:
SF:/home/devue/guyi/express-rest/constant/system.js
FNF:0
FNH:0
DA:3,1
DA:9,1
LF:2
LH:2
BRF:0
BRH:0
end_of_record
